[0.000000] (-) TimerEvent: {}
[0.000679] (nav_robot_simulation) JobQueued: {'identifier': 'nav_robot_simulation', 'dependencies': OrderedDict()}
[0.000713] (nav_robot_simulation) JobStarted: {'identifier': 'nav_robot_simulation'}
[0.099775] (-) TimerEvent: {}
[0.200053] (-) TimerEvent: {}
[0.300325] (-) TimerEvent: {}
[0.400594] (-) TimerEvent: {}
[0.500874] (-) TimerEvent: {}
[0.601153] (-) TimerEvent: {}
[0.622648] (nav_robot_simulation) Command: {'cmd': ['/usr/bin/python3', '-W', 'ignore:setup.py install is deprecated', 'setup.py', 'egg_info', '--egg-base', '../../build/nav_robot_simulation', 'build', '--build-base', '/home/mariocool11/nav_robot_wsp/build/nav_robot_simulation/build', 'install', '--record', '/home/mariocool11/nav_robot_wsp/build/nav_robot_simulation/install.log', '--single-version-externally-managed', 'install_data'], 'cwd': '/home/mariocool11/nav_robot_wsp/src/nav_robot_simulation', 'env': {'USER': 'mariocool11', 'XDG_SESSION_TYPE': 'wayland', 'SHLVL': '1', 'LD_LIBRARY_PATH': '/usr/lib/x86_64-linux-gnu/gazebo-11/plugins:/opt/ros/humble/opt/rviz_ogre_vendor/lib:/opt/ros/humble/lib/x86_64-linux-gnu:/opt/ros/humble/lib', 'HOME': '/home/mariocool11', 'CONDA_SHLVL': '0', 'OLDPWD': '/home/mariocool11', 'DESKTOP_SESSION': 'ubuntu', 'ROS_PYTHON_VERSION': '3', 'GNOME_SHELL_SESSION_MODE': 'ubuntu', 'GTK_MODULES': 'gail:atk-bridge', 'SYSTEMD_EXEC_PID': '1647', 'DBUS_SESSION_BUS_ADDRESS': 'unix:path=/run/user/1000/bus', 'COLORTERM': 'truecolor', '_CE_M': '', 'IM_CONFIG_PHASE': '1', 'WAYLAND_DISPLAY': 'wayland-0', 'COLCON_PREFIX_PATH': '/home/mariocool11/nav_robot_wsp/install:/home/mariocool11/ros2_ws/install', 'ROS_DISTRO': 'humble', 'LOGNAME': 'mariocool11', '_': '/usr/bin/colcon', 'ROS_VERSION': '2', 'XDG_SESSION_CLASS': 'user', 'USERNAME': 'mariocool11', 'TERM': 'xterm-256color', 'GAZEBO_MODEL_PATH': ':/home/mariocool11/nav_robot_wsp/src/nav_robot_simulation/models', 'GNOME_DESKTOP_SESSION_ID': 'this-is-deprecated', '_CE_CONDA': '', 'ROS_LOCALHOST_ONLY': '0', 'PATH': '/opt/ros/humble/bin:/home/mariocool11/anaconda3/condabin:/usr/local/sbin:/usr/local/bin:/usr/sbin:/usr/bin:/sbin:/bin:/usr/games:/usr/local/games:/snap/bin:/snap/bin', 'SESSION_MANAGER': 'local/mariocool11-GS60-2QE:@/tmp/.ICE-unix/1618,unix/mariocool11-GS60-2QE:/tmp/.ICE-unix/1618', 'XDG_MENU_PREFIX': 'gnome-', 'GNOME_TERMINAL_SCREEN': '/org/gnome/Terminal/screen/47b5af16_0162_4ab8_b845_e9cc454a324c', 'GNOME_SETUP_DISPLAY': ':1', 'XDG_RUNTIME_DIR': '/run/user/1000', 'DISPLAY': ':0', 'LANG': 'en_US.UTF-8', 'XDG_CURRENT_DESKTOP': 'ubuntu:GNOME', 'XMODIFIERS': '@im=ibus', 'XDG_SESSION_DESKTOP': 'ubuntu', 'XAUTHORITY': '/run/user/1000/.mutter-Xwaylandauth.RKROT2', 'GNOME_TERMINAL_SERVICE': ':1.1373', 'SSH_AGENT_LAUNCHER': 'gnome-keyring', 'SSH_AUTH_SOCK': '/run/user/1000/keyring/ssh', 'AMENT_PREFIX_PATH': '/home/mariocool11/nav_robot_wsp/install/nav_robot_simulation:/home/mariocool11/ros2_ws/install/my_test_package:/home/mariocool11/ros2_ws/install/my_py_pkg:/home/mariocool11/ros2_ws/install/my_package:/home/mariocool11/ros2_ws/install/my_cpp_pkg:/home/mariocool11/ros2_ws/install/my_cpp2_pkg:/opt/ros/humble', 'CONDA_PYTHON_EXE': '/home/mariocool11/anaconda3/bin/python', 'SHELL': '/bin/bash', 'QT_ACCESSIBILITY': '1', 'CXX': '/usr/bin/g++', 'GDMSESSION': 'ubuntu', 'QT_IM_MODULE': 'ibus', 'PWD': '/home/mariocool11/nav_robot_wsp/build/nav_robot_simulation', 'LC_ALL': 'en_US.UTF-8', 'XDG_CONFIG_DIRS': '/etc/xdg/xdg-ubuntu:/etc/xdg', 'CONDA_EXE': '/home/mariocool11/anaconda3/bin/conda', 'GAZEBO_PLUGIN_PATH': ':/opt/ros/humble/lib', 'XDG_DATA_DIRS': '/usr/share/ubuntu:/usr/local/share/:/usr/share/:/var/lib/snapd/desktop', 'PYTHONPATH': '/home/mariocool11/nav_robot_wsp/build/nav_robot_simulation/prefix_override:/usr/lib/python3/dist-packages/colcon_core/task/python/colcon_distutils_commands:/home/mariocool11/nav_robot_wsp/install/nav_robot_simulation/lib/python3.10/site-packages:/home/mariocool11/nav_robot_wsp/install/nav_robot_simulation/lib/python3.10/site-packages:/opt/ros/humble/lib/python3.10/site-packages:/home/mariocool11/ros2_ws/install/my_py_pkg/lib/python3.10/site-packages:/opt/ros/humble/lib/python3.10/site-packages:/opt/ros/humble/local/lib/python3.10/dist-packages', 'CC': '/usr/bin/gcc', 'COLCON': '1', 'VTE_VERSION': '6800', 'CMAKE_PREFIX_PATH': '/home/mariocool11/ros2_ws/install/my_test_package:/home/mariocool11/ros2_ws/install/my_package:/home/mariocool11/ros2_ws/install/my_cpp_pkg:/home/mariocool11/ros2_ws/install/my_cpp2_pkg'}, 'shell': False}
[0.701268] (-) TimerEvent: {}
[0.801542] (-) TimerEvent: {}
[0.875090] (nav_robot_simulation) StdoutLine: {'line': b'running egg_info\n'}
[0.875738] (nav_robot_simulation) StdoutLine: {'line': b'writing ../../build/nav_robot_simulation/nav_robot_simulation.egg-info/PKG-INFO\n'}
[0.875996] (nav_robot_simulation) StdoutLine: {'line': b'writing dependency_links to ../../build/nav_robot_simulation/nav_robot_simulation.egg-info/dependency_links.txt\n'}
[0.876144] (nav_robot_simulation) StdoutLine: {'line': b'writing entry points to ../../build/nav_robot_simulation/nav_robot_simulation.egg-info/entry_points.txt\n'}
[0.876280] (nav_robot_simulation) StdoutLine: {'line': b'writing requirements to ../../build/nav_robot_simulation/nav_robot_simulation.egg-info/requires.txt\n'}
[0.876430] (nav_robot_simulation) StdoutLine: {'line': b'writing top-level names to ../../build/nav_robot_simulation/nav_robot_simulation.egg-info/top_level.txt\n'}
[0.877996] (nav_robot_simulation) StdoutLine: {'line': b"reading manifest file '../../build/nav_robot_simulation/nav_robot_simulation.egg-info/SOURCES.txt'\n"}
[0.878863] (nav_robot_simulation) StdoutLine: {'line': b"writing manifest file '../../build/nav_robot_simulation/nav_robot_simulation.egg-info/SOURCES.txt'\n"}
[0.879050] (nav_robot_simulation) StdoutLine: {'line': b'running build\n'}
[0.879127] (nav_robot_simulation) StdoutLine: {'line': b'running build_py\n'}
[0.879266] (nav_robot_simulation) StdoutLine: {'line': b'running install\n'}
[0.879509] (nav_robot_simulation) StdoutLine: {'line': b'running install_lib\n'}
[0.880630] (nav_robot_simulation) StdoutLine: {'line': b'running install_data\n'}
[0.880769] (nav_robot_simulation) StdoutLine: {'line': b'copying launch/nav_robot_simulation.launch.py -> /home/mariocool11/nav_robot_wsp/install/nav_robot_simulation/share/nav_robot_simulation/launch\n'}
[0.880973] (nav_robot_simulation) StdoutLine: {'line': b'running install_egg_info\n'}
[0.882542] (nav_robot_simulation) StdoutLine: {'line': b"removing '/home/mariocool11/nav_robot_wsp/install/nav_robot_simulation/lib/python3.10/site-packages/nav_robot_simulation-0.0.0-py3.10.egg-info' (and everything under it)\n"}
[0.882887] (nav_robot_simulation) StdoutLine: {'line': b'Copying ../../build/nav_robot_simulation/nav_robot_simulation.egg-info to /home/mariocool11/nav_robot_wsp/install/nav_robot_simulation/lib/python3.10/site-packages/nav_robot_simulation-0.0.0-py3.10.egg-info\n'}
[0.883725] (nav_robot_simulation) StdoutLine: {'line': b'running install_scripts\n'}
[0.901654] (-) TimerEvent: {}
[0.904449] (nav_robot_simulation) StdoutLine: {'line': b"writing list of installed files to '/home/mariocool11/nav_robot_wsp/build/nav_robot_simulation/install.log'\n"}
[0.931402] (nav_robot_simulation) CommandEnded: {'returncode': 0}
[0.942174] (nav_robot_simulation) JobEnded: {'identifier': 'nav_robot_simulation', 'rc': 0}
[0.943009] (-) EventReactorShutdown: {}
