[0.634s] Invoking command in '/home/mariocool11/nav_robot_wsp/build/nav_robot_simulation': PYTHONPATH=/home/mariocool11/nav_robot_wsp/build/nav_robot_simulation/prefix_override:/usr/lib/python3/dist-packages/colcon_core/task/python/colcon_distutils_commands:/home/mariocool11/nav_robot_wsp/install/nav_robot_simulation/lib/python3.10/site-packages:${PYTHONPATH} /usr/bin/python3 -W ignore:setup.py install is deprecated setup.py develop --editable --build-directory /home/mariocool11/nav_robot_wsp/build/nav_robot_simulation/build --no-deps symlink_data --force
[0.910s] running develop
[0.911s] /usr/lib/python3/dist-packages/setuptools/command/easy_install.py:158: EasyInstallDeprecationWarning: easy_install command is deprecated. Use build and pip and other standards-based tools.
[0.912s]   warnings.warn(
[1.122s] running egg_info
[1.122s] writing nav_robot_simulation.egg-info/PKG-INFO
[1.122s] writing dependency_links to nav_robot_simulation.egg-info/dependency_links.txt
[1.122s] writing entry points to nav_robot_simulation.egg-info/entry_points.txt
[1.122s] writing requirements to nav_robot_simulation.egg-info/requires.txt
[1.123s] writing top-level names to nav_robot_simulation.egg-info/top_level.txt
[1.124s] reading manifest file 'nav_robot_simulation.egg-info/SOURCES.txt'
[1.125s] writing manifest file 'nav_robot_simulation.egg-info/SOURCES.txt'
[1.127s] running build_ext
[1.127s] Creating /home/mariocool11/nav_robot_wsp/install/nav_robot_simulation/lib/python3.10/site-packages/nav-robot-simulation.egg-link (link to .)
[1.128s] 
[1.128s] Installed /home/mariocool11/nav_robot_wsp/build/nav_robot_simulation
[1.128s] running symlink_data
[1.128s] symbolically linking /home/mariocool11/nav_robot_wsp/build/nav_robot_simulation/resource/nav_robot_simulation -> /home/mariocool11/nav_robot_wsp/install/nav_robot_simulation/share/ament_index/resource_index/packages
[1.128s] symbolically linking /home/mariocool11/nav_robot_wsp/build/nav_robot_simulation/package.xml -> /home/mariocool11/nav_robot_wsp/install/nav_robot_simulation/share/nav_robot_simulation
[1.163s] Invoked command in '/home/mariocool11/nav_robot_wsp/build/nav_robot_simulation' returned '0': PYTHONPATH=/home/mariocool11/nav_robot_wsp/build/nav_robot_simulation/prefix_override:/usr/lib/python3/dist-packages/colcon_core/task/python/colcon_distutils_commands:/home/mariocool11/nav_robot_wsp/install/nav_robot_simulation/lib/python3.10/site-packages:${PYTHONPATH} /usr/bin/python3 -W ignore:setup.py install is deprecated setup.py develop --editable --build-directory /home/mariocool11/nav_robot_wsp/build/nav_robot_simulation/build --no-deps symlink_data --force
