[0.648s] Invoking command in '/home/mariocool11/nav_robot_wsp/build/nav_robot_simulation': PYTHONPATH=/home/mariocool11/nav_robot_wsp/build/nav_robot_simulation/prefix_override:/usr/lib/python3/dist-packages/colcon_core/task/python/colcon_distutils_commands:/home/mariocool11/nav_robot_wsp/install/nav_robot_simulation/lib/python3.10/site-packages:${PYTHONPATH} /usr/bin/python3 -W ignore:setup.py install is deprecated setup.py develop --uninstall --editable --build-directory /home/mariocool11/nav_robot_wsp/build/nav_robot_simulation/build
[0.918s] running develop
[0.918s] /usr/lib/python3/dist-packages/setuptools/command/easy_install.py:158: EasyInstallDeprecationWarning: easy_install command is deprecated. Use build and pip and other standards-based tools.
[0.918s]   warnings.warn(
[1.113s] Removing /home/mariocool11/nav_robot_wsp/install/nav_robot_simulation/lib/python3.10/site-packages/nav-robot-simulation.egg-link (link to .)
[1.146s] Invoked command in '/home/mariocool11/nav_robot_wsp/build/nav_robot_simulation' returned '0': PYTHONPATH=/home/mariocool11/nav_robot_wsp/build/nav_robot_simulation/prefix_override:/usr/lib/python3/dist-packages/colcon_core/task/python/colcon_distutils_commands:/home/mariocool11/nav_robot_wsp/install/nav_robot_simulation/lib/python3.10/site-packages:${PYTHONPATH} /usr/bin/python3 -W ignore:setup.py install is deprecated setup.py develop --uninstall --editable --build-directory /home/mariocool11/nav_robot_wsp/build/nav_robot_simulation/build
[1.148s] Invoking command in '/home/mariocool11/nav_robot_wsp/src/nav_robot_simulation': PYTHONPATH=/home/mariocool11/nav_robot_wsp/build/nav_robot_simulation/prefix_override:/usr/lib/python3/dist-packages/colcon_core/task/python/colcon_distutils_commands:/home/mariocool11/nav_robot_wsp/install/nav_robot_simulation/lib/python3.10/site-packages:${PYTHONPATH} /usr/bin/python3 -W ignore:setup.py install is deprecated setup.py egg_info --egg-base ../../build/nav_robot_simulation build --build-base /home/mariocool11/nav_robot_wsp/build/nav_robot_simulation/build install --record /home/mariocool11/nav_robot_wsp/build/nav_robot_simulation/install.log --single-version-externally-managed install_data --force
[1.398s] running egg_info
[1.398s] writing ../../build/nav_robot_simulation/nav_robot_simulation.egg-info/PKG-INFO
[1.399s] writing dependency_links to ../../build/nav_robot_simulation/nav_robot_simulation.egg-info/dependency_links.txt
[1.399s] writing entry points to ../../build/nav_robot_simulation/nav_robot_simulation.egg-info/entry_points.txt
[1.399s] writing requirements to ../../build/nav_robot_simulation/nav_robot_simulation.egg-info/requires.txt
[1.399s] writing top-level names to ../../build/nav_robot_simulation/nav_robot_simulation.egg-info/top_level.txt
[1.401s] reading manifest file '../../build/nav_robot_simulation/nav_robot_simulation.egg-info/SOURCES.txt'
[1.402s] writing manifest file '../../build/nav_robot_simulation/nav_robot_simulation.egg-info/SOURCES.txt'
[1.402s] running build
[1.402s] running build_py
[1.402s] running install
[1.402s] running install_lib
[1.403s] creating /home/mariocool11/nav_robot_wsp/install/nav_robot_simulation/lib/python3.10/site-packages/nav_robot_simulation
[1.403s] copying /home/mariocool11/nav_robot_wsp/build/nav_robot_simulation/build/lib/nav_robot_simulation/__init__.py -> /home/mariocool11/nav_robot_wsp/install/nav_robot_simulation/lib/python3.10/site-packages/nav_robot_simulation
[1.404s] byte-compiling /home/mariocool11/nav_robot_wsp/install/nav_robot_simulation/lib/python3.10/site-packages/nav_robot_simulation/__init__.py to __init__.cpython-310.pyc
[1.404s] running install_data
[1.404s] copying package.xml -> /home/mariocool11/nav_robot_wsp/install/nav_robot_simulation/share/nav_robot_simulation
[1.404s] copying launch/nav_robot_simulation.launch.py -> /home/mariocool11/nav_robot_wsp/install/nav_robot_simulation/share/nav_robot_simulation/launch
[1.405s] creating /home/mariocool11/nav_robot_wsp/install/nav_robot_simulation/share/nav_robot_simulation/worlds
[1.405s] copying worlds/my_world.world -> /home/mariocool11/nav_robot_wsp/install/nav_robot_simulation/share/nav_robot_simulation/worlds
[1.405s] creating /home/mariocool11/nav_robot_wsp/install/nav_robot_simulation/share/nav_robot_simulation/models
[1.405s] copying models/my_robot.urdf -> /home/mariocool11/nav_robot_wsp/install/nav_robot_simulation/share/nav_robot_simulation/models
[1.405s] running install_egg_info
[1.406s] Copying ../../build/nav_robot_simulation/nav_robot_simulation.egg-info to /home/mariocool11/nav_robot_wsp/install/nav_robot_simulation/lib/python3.10/site-packages/nav_robot_simulation-0.0.0-py3.10.egg-info
[1.407s] running install_scripts
[1.429s] writing list of installed files to '/home/mariocool11/nav_robot_wsp/build/nav_robot_simulation/install.log'
[1.457s] Invoked command in '/home/mariocool11/nav_robot_wsp/src/nav_robot_simulation' returned '0': PYTHONPATH=/home/mariocool11/nav_robot_wsp/build/nav_robot_simulation/prefix_override:/usr/lib/python3/dist-packages/colcon_core/task/python/colcon_distutils_commands:/home/mariocool11/nav_robot_wsp/install/nav_robot_simulation/lib/python3.10/site-packages:${PYTHONPATH} /usr/bin/python3 -W ignore:setup.py install is deprecated setup.py egg_info --egg-base ../../build/nav_robot_simulation build --build-base /home/mariocool11/nav_robot_wsp/build/nav_robot_simulation/build install --record /home/mariocool11/nav_robot_wsp/build/nav_robot_simulation/install.log --single-version-externally-managed install_data --force
