[0.000000] (-) TimerEvent: {}
[0.000175] (nav_robot_simulation) JobQueued: {'identifier': 'nav_robot_simulation', 'dependencies': OrderedDict()}
[0.000275] (nav_robot_simulation) JobStarted: {'identifier': 'nav_robot_simulation'}
[0.099070] (-) TimerEvent: {}
[0.199362] (-) TimerEvent: {}
[0.299628] (-) TimerEvent: {}
[0.399901] (-) TimerEvent: {}
[0.500177] (-) TimerEvent: {}
[0.600475] (-) TimerEvent: {}
[0.648530] (nav_robot_simulation) Command: {'cmd': ['/usr/bin/python3', '-W', 'ignore:setup.py install is deprecated', 'setup.py', 'develop', '--uninstall', '--editable', '--build-directory', '/home/mariocool11/nav_robot_wsp/build/nav_robot_simulation/build'], 'cwd': '/home/mariocool11/nav_robot_wsp/build/nav_robot_simulation', 'env': {'USER': 'mariocool11', 'XDG_SESSION_TYPE': 'wayland', 'SHLVL': '1', 'LD_LIBRARY_PATH': '/usr/lib/x86_64-linux-gnu/gazebo-11/plugins:/opt/ros/humble/opt/rviz_ogre_vendor/lib:/opt/ros/humble/lib/x86_64-linux-gnu:/opt/ros/humble/lib', 'HOME': '/home/mariocool11', 'CONDA_SHLVL': '0', 'OLDPWD': '/home/mariocool11/nav_robot_wsp', 'DESKTOP_SESSION': 'ubuntu', 'ROS_PYTHON_VERSION': '3', 'GNOME_SHELL_SESSION_MODE': 'ubuntu', 'GTK_MODULES': 'gail:atk-bridge', 'SYSTEMD_EXEC_PID': '1647', 'DBUS_SESSION_BUS_ADDRESS': 'unix:path=/run/user/1000/bus', 'COLORTERM': 'truecolor', '_CE_M': '', 'IM_CONFIG_PHASE': '1', 'WAYLAND_DISPLAY': 'wayland-0', 'COLCON_PREFIX_PATH': '/home/mariocool11/nav_robot_wsp/install:/home/mariocool11/ros2_ws/install', 'ROS_DISTRO': 'humble', 'LOGNAME': 'mariocool11', '_': '/usr/bin/colcon', 'ROS_VERSION': '2', 'XDG_SESSION_CLASS': 'user', 'USERNAME': 'mariocool11', 'TERM': 'xterm-256color', 'GNOME_DESKTOP_SESSION_ID': 'this-is-deprecated', '_CE_CONDA': '', 'ROS_LOCALHOST_ONLY': '0', 'PATH': '/opt/ros/humble/bin:/home/mariocool11/anaconda3/condabin:/usr/local/sbin:/usr/local/bin:/usr/sbin:/usr/bin:/sbin:/bin:/usr/games:/usr/local/games:/snap/bin:/snap/bin', 'SESSION_MANAGER': 'local/mariocool11-GS60-2QE:@/tmp/.ICE-unix/1618,unix/mariocool11-GS60-2QE:/tmp/.ICE-unix/1618', 'XDG_MENU_PREFIX': 'gnome-', 'GNOME_TERMINAL_SCREEN': '/org/gnome/Terminal/screen/3efb8be9_0699_4a25_a642_b3e7f0d61416', 'GNOME_SETUP_DISPLAY': ':1', 'XDG_RUNTIME_DIR': '/run/user/1000', 'DISPLAY': ':0', 'LANG': 'en_US.UTF-8', 'XDG_CURRENT_DESKTOP': 'ubuntu:GNOME', 'XMODIFIERS': '@im=ibus', 'XDG_SESSION_DESKTOP': 'ubuntu', 'XAUTHORITY': '/run/user/1000/.mutter-Xwaylandauth.RKROT2', 'GNOME_TERMINAL_SERVICE': ':1.288', 'SSH_AGENT_LAUNCHER': 'gnome-keyring', 'SSH_AUTH_SOCK': '/run/user/1000/keyring/ssh', 'AMENT_PREFIX_PATH': '/home/mariocool11/nav_robot_wsp/install/nav_robot_simulation:/home/mariocool11/ros2_ws/install/my_test_package:/home/mariocool11/ros2_ws/install/my_py_pkg:/home/mariocool11/ros2_ws/install/my_package:/home/mariocool11/ros2_ws/install/my_cpp_pkg:/home/mariocool11/ros2_ws/install/my_cpp2_pkg:/opt/ros/humble', 'CONDA_PYTHON_EXE': '/home/mariocool11/anaconda3/bin/python', 'SHELL': '/bin/bash', 'QT_ACCESSIBILITY': '1', 'CXX': '/usr/bin/g++', 'GDMSESSION': 'ubuntu', 'QT_IM_MODULE': 'ibus', 'PWD': '/home/mariocool11/nav_robot_wsp/build/nav_robot_simulation', 'LC_ALL': 'en_US.UTF-8', 'XDG_CONFIG_DIRS': '/etc/xdg/xdg-ubuntu:/etc/xdg', 'CONDA_EXE': '/home/mariocool11/anaconda3/bin/conda', 'XDG_DATA_DIRS': '/usr/share/ubuntu:/usr/local/share/:/usr/share/:/var/lib/snapd/desktop', 'PYTHONPATH': '/home/mariocool11/nav_robot_wsp/build/nav_robot_simulation/prefix_override:/usr/lib/python3/dist-packages/colcon_core/task/python/colcon_distutils_commands:/home/mariocool11/nav_robot_wsp/install/nav_robot_simulation/lib/python3.10/site-packages:/home/mariocool11/nav_robot_wsp/build/nav_robot_simulation:/home/mariocool11/nav_robot_wsp/install/nav_robot_simulation/lib/python3.10/site-packages:/opt/ros/humble/lib/python3.10/site-packages:/home/mariocool11/ros2_ws/install/my_py_pkg/lib/python3.10/site-packages:/opt/ros/humble/lib/python3.10/site-packages:/opt/ros/humble/local/lib/python3.10/dist-packages', 'CC': '/usr/bin/gcc', 'COLCON': '1', 'VTE_VERSION': '6800', 'CMAKE_PREFIX_PATH': '/home/mariocool11/ros2_ws/install/my_test_package:/home/mariocool11/ros2_ws/install/my_package:/home/mariocool11/ros2_ws/install/my_cpp_pkg:/home/mariocool11/ros2_ws/install/my_cpp2_pkg'}, 'shell': False}
[0.700582] (-) TimerEvent: {}
[0.800882] (-) TimerEvent: {}
[0.901198] (-) TimerEvent: {}
[0.931592] (nav_robot_simulation) StdoutLine: {'line': b'running develop\n'}
[0.931917] (nav_robot_simulation) StderrLine: {'line': b'/usr/lib/python3/dist-packages/setuptools/command/easy_install.py:158: EasyInstallDeprecationWarning: easy_install command is deprecated. Use build and pip and other standards-based tools.\n'}
[0.932066] (nav_robot_simulation) StderrLine: {'line': b'  warnings.warn(\n'}
[1.001300] (-) TimerEvent: {}
[1.101650] (-) TimerEvent: {}
[1.134038] (nav_robot_simulation) StdoutLine: {'line': b'Removing /home/mariocool11/nav_robot_wsp/install/nav_robot_simulation/lib/python3.10/site-packages/nav-robot-simulation.egg-link (link to .)\n'}
[1.165530] (nav_robot_simulation) CommandEnded: {'returncode': 0}
[1.167239] (nav_robot_simulation) Command: {'cmd': ['/usr/bin/python3', '-W', 'ignore:setup.py install is deprecated', 'setup.py', 'egg_info', '--egg-base', '../../build/nav_robot_simulation', 'build', '--build-base', '/home/mariocool11/nav_robot_wsp/build/nav_robot_simulation/build', 'install', '--record', '/home/mariocool11/nav_robot_wsp/build/nav_robot_simulation/install.log', '--single-version-externally-managed', 'install_data', '--force'], 'cwd': '/home/mariocool11/nav_robot_wsp/src/nav_robot_simulation', 'env': {'USER': 'mariocool11', 'XDG_SESSION_TYPE': 'wayland', 'SHLVL': '1', 'LD_LIBRARY_PATH': '/usr/lib/x86_64-linux-gnu/gazebo-11/plugins:/opt/ros/humble/opt/rviz_ogre_vendor/lib:/opt/ros/humble/lib/x86_64-linux-gnu:/opt/ros/humble/lib', 'HOME': '/home/mariocool11', 'CONDA_SHLVL': '0', 'OLDPWD': '/home/mariocool11/nav_robot_wsp', 'DESKTOP_SESSION': 'ubuntu', 'ROS_PYTHON_VERSION': '3', 'GNOME_SHELL_SESSION_MODE': 'ubuntu', 'GTK_MODULES': 'gail:atk-bridge', 'SYSTEMD_EXEC_PID': '1647', 'DBUS_SESSION_BUS_ADDRESS': 'unix:path=/run/user/1000/bus', 'COLORTERM': 'truecolor', '_CE_M': '', 'IM_CONFIG_PHASE': '1', 'WAYLAND_DISPLAY': 'wayland-0', 'COLCON_PREFIX_PATH': '/home/mariocool11/nav_robot_wsp/install:/home/mariocool11/ros2_ws/install', 'ROS_DISTRO': 'humble', 'LOGNAME': 'mariocool11', '_': '/usr/bin/colcon', 'ROS_VERSION': '2', 'XDG_SESSION_CLASS': 'user', 'USERNAME': 'mariocool11', 'TERM': 'xterm-256color', 'GNOME_DESKTOP_SESSION_ID': 'this-is-deprecated', '_CE_CONDA': '', 'ROS_LOCALHOST_ONLY': '0', 'PATH': '/opt/ros/humble/bin:/home/mariocool11/anaconda3/condabin:/usr/local/sbin:/usr/local/bin:/usr/sbin:/usr/bin:/sbin:/bin:/usr/games:/usr/local/games:/snap/bin:/snap/bin', 'SESSION_MANAGER': 'local/mariocool11-GS60-2QE:@/tmp/.ICE-unix/1618,unix/mariocool11-GS60-2QE:/tmp/.ICE-unix/1618', 'XDG_MENU_PREFIX': 'gnome-', 'GNOME_TERMINAL_SCREEN': '/org/gnome/Terminal/screen/3efb8be9_0699_4a25_a642_b3e7f0d61416', 'GNOME_SETUP_DISPLAY': ':1', 'XDG_RUNTIME_DIR': '/run/user/1000', 'DISPLAY': ':0', 'LANG': 'en_US.UTF-8', 'XDG_CURRENT_DESKTOP': 'ubuntu:GNOME', 'XMODIFIERS': '@im=ibus', 'XDG_SESSION_DESKTOP': 'ubuntu', 'XAUTHORITY': '/run/user/1000/.mutter-Xwaylandauth.RKROT2', 'GNOME_TERMINAL_SERVICE': ':1.288', 'SSH_AGENT_LAUNCHER': 'gnome-keyring', 'SSH_AUTH_SOCK': '/run/user/1000/keyring/ssh', 'AMENT_PREFIX_PATH': '/home/mariocool11/nav_robot_wsp/install/nav_robot_simulation:/home/mariocool11/ros2_ws/install/my_test_package:/home/mariocool11/ros2_ws/install/my_py_pkg:/home/mariocool11/ros2_ws/install/my_package:/home/mariocool11/ros2_ws/install/my_cpp_pkg:/home/mariocool11/ros2_ws/install/my_cpp2_pkg:/opt/ros/humble', 'CONDA_PYTHON_EXE': '/home/mariocool11/anaconda3/bin/python', 'SHELL': '/bin/bash', 'QT_ACCESSIBILITY': '1', 'CXX': '/usr/bin/g++', 'GDMSESSION': 'ubuntu', 'QT_IM_MODULE': 'ibus', 'PWD': '/home/mariocool11/nav_robot_wsp/build/nav_robot_simulation', 'LC_ALL': 'en_US.UTF-8', 'XDG_CONFIG_DIRS': '/etc/xdg/xdg-ubuntu:/etc/xdg', 'CONDA_EXE': '/home/mariocool11/anaconda3/bin/conda', 'XDG_DATA_DIRS': '/usr/share/ubuntu:/usr/local/share/:/usr/share/:/var/lib/snapd/desktop', 'PYTHONPATH': '/home/mariocool11/nav_robot_wsp/build/nav_robot_simulation/prefix_override:/usr/lib/python3/dist-packages/colcon_core/task/python/colcon_distutils_commands:/home/mariocool11/nav_robot_wsp/install/nav_robot_simulation/lib/python3.10/site-packages:/home/mariocool11/nav_robot_wsp/build/nav_robot_simulation:/home/mariocool11/nav_robot_wsp/install/nav_robot_simulation/lib/python3.10/site-packages:/opt/ros/humble/lib/python3.10/site-packages:/home/mariocool11/ros2_ws/install/my_py_pkg/lib/python3.10/site-packages:/opt/ros/humble/lib/python3.10/site-packages:/opt/ros/humble/local/lib/python3.10/dist-packages', 'CC': '/usr/bin/gcc', 'COLCON': '1', 'VTE_VERSION': '6800', 'CMAKE_PREFIX_PATH': '/home/mariocool11/ros2_ws/install/my_test_package:/home/mariocool11/ros2_ws/install/my_package:/home/mariocool11/ros2_ws/install/my_cpp_pkg:/home/mariocool11/ros2_ws/install/my_cpp2_pkg'}, 'shell': False}
[1.201760] (-) TimerEvent: {}
[1.302051] (-) TimerEvent: {}
[1.402342] (-) TimerEvent: {}
[1.440843] (nav_robot_simulation) StdoutLine: {'line': b'running egg_info\n'}
[1.441560] (nav_robot_simulation) StdoutLine: {'line': b'writing ../../build/nav_robot_simulation/nav_robot_simulation.egg-info/PKG-INFO\n'}
[1.441815] (nav_robot_simulation) StdoutLine: {'line': b'writing dependency_links to ../../build/nav_robot_simulation/nav_robot_simulation.egg-info/dependency_links.txt\n'}
[1.441974] (nav_robot_simulation) StdoutLine: {'line': b'writing entry points to ../../build/nav_robot_simulation/nav_robot_simulation.egg-info/entry_points.txt\n'}
[1.442135] (nav_robot_simulation) StdoutLine: {'line': b'writing requirements to ../../build/nav_robot_simulation/nav_robot_simulation.egg-info/requires.txt\n'}
[1.442226] (nav_robot_simulation) StdoutLine: {'line': b'writing top-level names to ../../build/nav_robot_simulation/nav_robot_simulation.egg-info/top_level.txt\n'}
[1.443797] (nav_robot_simulation) StdoutLine: {'line': b"reading manifest file '../../build/nav_robot_simulation/nav_robot_simulation.egg-info/SOURCES.txt'\n"}
[1.444710] (nav_robot_simulation) StdoutLine: {'line': b"writing manifest file '../../build/nav_robot_simulation/nav_robot_simulation.egg-info/SOURCES.txt'\n"}
[1.444865] (nav_robot_simulation) StdoutLine: {'line': b'running build\n'}
[1.444954] (nav_robot_simulation) StdoutLine: {'line': b'running build_py\n'}
[1.445080] (nav_robot_simulation) StdoutLine: {'line': b'running install\n'}
[1.445375] (nav_robot_simulation) StdoutLine: {'line': b'running install_lib\n'}
[1.446065] (nav_robot_simulation) StdoutLine: {'line': b'creating /home/mariocool11/nav_robot_wsp/install/nav_robot_simulation/lib/python3.10/site-packages/nav_robot_simulation\n'}
[1.446213] (nav_robot_simulation) StdoutLine: {'line': b'copying /home/mariocool11/nav_robot_wsp/build/nav_robot_simulation/build/lib/nav_robot_simulation/__init__.py -> /home/mariocool11/nav_robot_wsp/install/nav_robot_simulation/lib/python3.10/site-packages/nav_robot_simulation\n'}
[1.446768] (nav_robot_simulation) StdoutLine: {'line': b'byte-compiling /home/mariocool11/nav_robot_wsp/install/nav_robot_simulation/lib/python3.10/site-packages/nav_robot_simulation/__init__.py to __init__.cpython-310.pyc\n'}
[1.446984] (nav_robot_simulation) StdoutLine: {'line': b'running install_data\n'}
[1.447128] (nav_robot_simulation) StdoutLine: {'line': b'copying resource/nav_robot_simulation -> /home/mariocool11/nav_robot_wsp/install/nav_robot_simulation/share/ament_index/resource_index/packages\n'}
[1.447232] (nav_robot_simulation) StdoutLine: {'line': b'copying package.xml -> /home/mariocool11/nav_robot_wsp/install/nav_robot_simulation/share/nav_robot_simulation\n'}
[1.447338] (nav_robot_simulation) StdoutLine: {'line': b'running install_egg_info\n'}
[1.448916] (nav_robot_simulation) StdoutLine: {'line': b'Copying ../../build/nav_robot_simulation/nav_robot_simulation.egg-info to /home/mariocool11/nav_robot_wsp/install/nav_robot_simulation/lib/python3.10/site-packages/nav_robot_simulation-0.0.0-py3.10.egg-info\n'}
[1.449808] (nav_robot_simulation) StdoutLine: {'line': b'running install_scripts\n'}
[1.471721] (nav_robot_simulation) StdoutLine: {'line': b"writing list of installed files to '/home/mariocool11/nav_robot_wsp/build/nav_robot_simulation/install.log'\n"}
[1.498752] (nav_robot_simulation) CommandEnded: {'returncode': 0}
[1.502479] (-) TimerEvent: {}
[1.509152] (nav_robot_simulation) JobEnded: {'identifier': 'nav_robot_simulation', 'rc': 0}
[1.509796] (-) EventReactorShutdown: {}
