[0.701s] Invoking command in '/home/mariocool11/nav_robot_wsp/src/nav_robot_simulation': PYTHONPATH=/home/mariocool11/nav_robot_wsp/build/nav_robot_simulation/prefix_override:/usr/lib/python3/dist-packages/colcon_core/task/python/colcon_distutils_commands:/home/mariocool11/nav_robot_wsp/install/nav_robot_simulation/lib/python3.10/site-packages:${PYTHONPATH} /usr/bin/python3 -W ignore:setup.py install is deprecated setup.py egg_info --egg-base ../../build/nav_robot_simulation build --build-base /home/mariocool11/nav_robot_wsp/build/nav_robot_simulation/build install --record /home/mariocool11/nav_robot_wsp/build/nav_robot_simulation/install.log --single-version-externally-managed install_data
[0.953s] running egg_info
[0.954s] writing ../../build/nav_robot_simulation/nav_robot_simulation.egg-info/PKG-INFO
[0.954s] writing dependency_links to ../../build/nav_robot_simulation/nav_robot_simulation.egg-info/dependency_links.txt
[0.954s] writing entry points to ../../build/nav_robot_simulation/nav_robot_simulation.egg-info/entry_points.txt
[0.954s] writing requirements to ../../build/nav_robot_simulation/nav_robot_simulation.egg-info/requires.txt
[0.954s] writing top-level names to ../../build/nav_robot_simulation/nav_robot_simulation.egg-info/top_level.txt
[0.956s] reading manifest file '../../build/nav_robot_simulation/nav_robot_simulation.egg-info/SOURCES.txt'
[0.957s] writing manifest file '../../build/nav_robot_simulation/nav_robot_simulation.egg-info/SOURCES.txt'
[0.957s] running build
[0.957s] running build_py
[0.957s] running install
[0.958s] running install_lib
[0.959s] running install_data
[0.959s] running install_egg_info
[0.960s] removing '/home/mariocool11/nav_robot_wsp/install/nav_robot_simulation/lib/python3.10/site-packages/nav_robot_simulation-0.0.0-py3.10.egg-info' (and everything under it)
[0.961s] Copying ../../build/nav_robot_simulation/nav_robot_simulation.egg-info to /home/mariocool11/nav_robot_wsp/install/nav_robot_simulation/lib/python3.10/site-packages/nav_robot_simulation-0.0.0-py3.10.egg-info
[0.962s] running install_scripts
[0.983s] writing list of installed files to '/home/mariocool11/nav_robot_wsp/build/nav_robot_simulation/install.log'
[1.009s] Invoked command in '/home/mariocool11/nav_robot_wsp/src/nav_robot_simulation' returned '0': PYTHONPATH=/home/mariocool11/nav_robot_wsp/build/nav_robot_simulation/prefix_override:/usr/lib/python3/dist-packages/colcon_core/task/python/colcon_distutils_commands:/home/mariocool11/nav_robot_wsp/install/nav_robot_simulation/lib/python3.10/site-packages:${PYTHONPATH} /usr/bin/python3 -W ignore:setup.py install is deprecated setup.py egg_info --egg-base ../../build/nav_robot_simulation build --build-base /home/mariocool11/nav_robot_wsp/build/nav_robot_simulation/build install --record /home/mariocool11/nav_robot_wsp/build/nav_robot_simulation/install.log --single-version-externally-managed install_data
