[0.000000] (-) TimerEvent: {}
[0.000262] (nav_robot_simulation) JobQueued: {'identifier': 'nav_robot_simulation', 'dependencies': OrderedDict()}
[0.000298] (nav_robot_simulation) JobStarted: {'identifier': 'nav_robot_simulation'}
[0.099154] (-) TimerEvent: {}
[0.199433] (-) TimerEvent: {}
[0.299712] (-) TimerEvent: {}
[0.400015] (-) TimerEvent: {}
[0.500310] (-) TimerEvent: {}
[0.600593] (-) TimerEvent: {}
[0.633286] (nav_robot_simulation) Command: {'cmd': ['/usr/bin/python3', '-W', 'ignore:setup.py install is deprecated', 'setup.py', 'develop', '--editable', '--build-directory', '/home/mariocool11/nav_robot_wsp/build/nav_robot_simulation/build', '--no-deps', 'symlink_data', '--force'], 'cwd': '/home/mariocool11/nav_robot_wsp/build/nav_robot_simulation', 'env': {'USER': 'mariocool11', 'XDG_SESSION_TYPE': 'wayland', 'SHLVL': '1', 'LD_LIBRARY_PATH': '/usr/lib/x86_64-linux-gnu/gazebo-11/plugins:/opt/ros/humble/opt/rviz_ogre_vendor/lib:/opt/ros/humble/lib/x86_64-linux-gnu:/opt/ros/humble/lib', 'HOME': '/home/mariocool11', 'CONDA_SHLVL': '0', 'OLDPWD': '/home/mariocool11/nav_robot_wsp/src/nav_robot_simulation', 'DESKTOP_SESSION': 'ubuntu', 'ROS_PYTHON_VERSION': '3', 'GNOME_SHELL_SESSION_MODE': 'ubuntu', 'GTK_MODULES': 'gail:atk-bridge', 'SYSTEMD_EXEC_PID': '1647', 'DBUS_SESSION_BUS_ADDRESS': 'unix:path=/run/user/1000/bus', 'COLORTERM': 'truecolor', '_CE_M': '', 'IM_CONFIG_PHASE': '1', 'WAYLAND_DISPLAY': 'wayland-0', 'COLCON_PREFIX_PATH': '/home/mariocool11/nav_robot_wsp/install:/home/mariocool11/ros2_ws/install', 'ROS_DISTRO': 'humble', 'LOGNAME': 'mariocool11', '_': '/usr/bin/colcon', 'ROS_VERSION': '2', 'XDG_SESSION_CLASS': 'user', 'USERNAME': 'mariocool11', 'TERM': 'xterm-256color', 'GNOME_DESKTOP_SESSION_ID': 'this-is-deprecated', '_CE_CONDA': '', 'ROS_LOCALHOST_ONLY': '0', 'PATH': '/opt/ros/humble/bin:/home/mariocool11/anaconda3/condabin:/usr/local/sbin:/usr/local/bin:/usr/sbin:/usr/bin:/sbin:/bin:/usr/games:/usr/local/games:/snap/bin:/snap/bin', 'SESSION_MANAGER': 'local/mariocool11-GS60-2QE:@/tmp/.ICE-unix/1618,unix/mariocool11-GS60-2QE:/tmp/.ICE-unix/1618', 'XDG_MENU_PREFIX': 'gnome-', 'GNOME_TERMINAL_SCREEN': '/org/gnome/Terminal/screen/3efb8be9_0699_4a25_a642_b3e7f0d61416', 'GNOME_SETUP_DISPLAY': ':1', 'XDG_RUNTIME_DIR': '/run/user/1000', 'DISPLAY': ':0', 'LANG': 'en_US.UTF-8', 'XDG_CURRENT_DESKTOP': 'ubuntu:GNOME', 'XMODIFIERS': '@im=ibus', 'XDG_SESSION_DESKTOP': 'ubuntu', 'XAUTHORITY': '/run/user/1000/.mutter-Xwaylandauth.RKROT2', 'GNOME_TERMINAL_SERVICE': ':1.288', 'SSH_AGENT_LAUNCHER': 'gnome-keyring', 'SSH_AUTH_SOCK': '/run/user/1000/keyring/ssh', 'AMENT_PREFIX_PATH': '/home/mariocool11/nav_robot_wsp/install/nav_robot_simulation:/home/mariocool11/ros2_ws/install/my_test_package:/home/mariocool11/ros2_ws/install/my_py_pkg:/home/mariocool11/ros2_ws/install/my_package:/home/mariocool11/ros2_ws/install/my_cpp_pkg:/home/mariocool11/ros2_ws/install/my_cpp2_pkg:/opt/ros/humble', 'CONDA_PYTHON_EXE': '/home/mariocool11/anaconda3/bin/python', 'SHELL': '/bin/bash', 'QT_ACCESSIBILITY': '1', 'CXX': '/usr/bin/g++', 'GDMSESSION': 'ubuntu', 'QT_IM_MODULE': 'ibus', 'PWD': '/home/mariocool11/nav_robot_wsp/build/nav_robot_simulation', 'LC_ALL': 'en_US.UTF-8', 'XDG_CONFIG_DIRS': '/etc/xdg/xdg-ubuntu:/etc/xdg', 'CONDA_EXE': '/home/mariocool11/anaconda3/bin/conda', 'XDG_DATA_DIRS': '/usr/share/ubuntu:/usr/local/share/:/usr/share/:/var/lib/snapd/desktop', 'PYTHONPATH': '/home/mariocool11/nav_robot_wsp/build/nav_robot_simulation/prefix_override:/usr/lib/python3/dist-packages/colcon_core/task/python/colcon_distutils_commands:/home/mariocool11/nav_robot_wsp/install/nav_robot_simulation/lib/python3.10/site-packages:/home/mariocool11/nav_robot_wsp/install/nav_robot_simulation/lib/python3.10/site-packages:/opt/ros/humble/lib/python3.10/site-packages:/home/mariocool11/ros2_ws/install/my_py_pkg/lib/python3.10/site-packages:/opt/ros/humble/lib/python3.10/site-packages:/opt/ros/humble/local/lib/python3.10/dist-packages', 'CC': '/usr/bin/gcc', 'COLCON': '1', 'VTE_VERSION': '6800', 'CMAKE_PREFIX_PATH': '/home/mariocool11/ros2_ws/install/my_test_package:/home/mariocool11/ros2_ws/install/my_package:/home/mariocool11/ros2_ws/install/my_cpp_pkg:/home/mariocool11/ros2_ws/install/my_cpp2_pkg'}, 'shell': False}
[0.700723] (-) TimerEvent: {}
[0.801028] (-) TimerEvent: {}
[0.901302] (-) TimerEvent: {}
[0.910640] (nav_robot_simulation) StdoutLine: {'line': b'running develop\n'}
[0.911502] (nav_robot_simulation) StderrLine: {'line': b'/usr/lib/python3/dist-packages/setuptools/command/easy_install.py:158: EasyInstallDeprecationWarning: easy_install command is deprecated. Use build and pip and other standards-based tools.\n'}
[0.911693] (nav_robot_simulation) StderrLine: {'line': b'  warnings.warn(\n'}
[1.001419] (-) TimerEvent: {}
[1.101699] (-) TimerEvent: {}
[1.121740] (nav_robot_simulation) StdoutLine: {'line': b'running egg_info\n'}
[1.122040] (nav_robot_simulation) StdoutLine: {'line': b'writing nav_robot_simulation.egg-info/PKG-INFO\n'}
[1.122307] (nav_robot_simulation) StdoutLine: {'line': b'writing dependency_links to nav_robot_simulation.egg-info/dependency_links.txt\n'}
[1.122488] (nav_robot_simulation) StdoutLine: {'line': b'writing entry points to nav_robot_simulation.egg-info/entry_points.txt\n'}
[1.122626] (nav_robot_simulation) StdoutLine: {'line': b'writing requirements to nav_robot_simulation.egg-info/requires.txt\n'}
[1.122746] (nav_robot_simulation) StdoutLine: {'line': b'writing top-level names to nav_robot_simulation.egg-info/top_level.txt\n'}
[1.124638] (nav_robot_simulation) StdoutLine: {'line': b"reading manifest file 'nav_robot_simulation.egg-info/SOURCES.txt'\n"}
[1.125444] (nav_robot_simulation) StdoutLine: {'line': b"writing manifest file 'nav_robot_simulation.egg-info/SOURCES.txt'\n"}
[1.126738] (nav_robot_simulation) StdoutLine: {'line': b'running build_ext\n'}
[1.126998] (nav_robot_simulation) StdoutLine: {'line': b'Creating /home/mariocool11/nav_robot_wsp/install/nav_robot_simulation/lib/python3.10/site-packages/nav-robot-simulation.egg-link (link to .)\n'}
[1.127898] (nav_robot_simulation) StdoutLine: {'line': b'\n'}
[1.128186] (nav_robot_simulation) StdoutLine: {'line': b'Installed /home/mariocool11/nav_robot_wsp/build/nav_robot_simulation\n'}
[1.128332] (nav_robot_simulation) StdoutLine: {'line': b'running symlink_data\n'}
[1.128525] (nav_robot_simulation) StdoutLine: {'line': b'symbolically linking /home/mariocool11/nav_robot_wsp/build/nav_robot_simulation/resource/nav_robot_simulation -> /home/mariocool11/nav_robot_wsp/install/nav_robot_simulation/share/ament_index/resource_index/packages\n'}
[1.128661] (nav_robot_simulation) StdoutLine: {'line': b'symbolically linking /home/mariocool11/nav_robot_wsp/build/nav_robot_simulation/package.xml -> /home/mariocool11/nav_robot_wsp/install/nav_robot_simulation/share/nav_robot_simulation\n'}
[1.162599] (nav_robot_simulation) CommandEnded: {'returncode': 0}
[1.174329] (nav_robot_simulation) JobEnded: {'identifier': 'nav_robot_simulation', 'rc': 0}
[1.175013] (-) EventReactorShutdown: {}
